PLINK v2.00aLM 64-bit Intel (25 Jun 2017)
Options in effect:
  --allow-extra-chr
  --export hapslegend
  --extract hapgen2_sim_data/snps_to_extract
  --haps hapgen2_sim_data/AFR_1000G_subset.haps
  --legend hapgen2_sim_data/AFR_1000G_subset.legend 22
  --maf 0.00001
  --out hapgen2_sim_data/ref_panel

Hostname: rescomp2.hpc.in.bmrc.ox.ac.uk
Working directory: /gpfs3/well/mcvean/mtutert/sumstat_imputation_paper/sumstat_imputation_paper
Start time: Tue Oct 19 15:18:38 2021

Random number seed: 1634653118
385575 MB RAM detected; reserving 192787 MB for main workspace.
Using up to 24 threads (change this with --threads).
--haps + --legend: 19521 variants scanned.
--haps + --legend: hapgen2_sim_data/ref_panel-temporary.pgen +
hapgen2_sim_data/ref_panel-temporary.psam +
hapgen2_sim_data/ref_panel-temporary.pvar written.
661 samples (0 females, 0 males, 661 ambiguous; 661 founders) loaded from
hapgen2_sim_data/ref_panel-temporary.psam.
19521 variants loaded from hapgen2_sim_data/ref_panel-temporary.pvar.
Note: No phenotype data present.
--extract: 2602 variants remaining.
661 samples (0 females, 0 males, 661 ambiguous; 661 founders) remaining after
main filters.
Calculating allele frequencies... done.
352 variants removed due to minor allele threshold(s)
(--maf/--max-maf/--mac/--max-mac).
2250 variants remaining after main filters.
Writing hapgen2_sim_data/ref_panel.legend ... done.
Writing hapgen2_sim_data/ref_panel.haps ... done.
Writing hapgen2_sim_data/ref_panel.sample ... done.

End time: Tue Oct 19 15:18:39 2021
